Tue Mar 12 13:19:18 2019				Page     1

Photoplot log file
Results from aperture table.


INPUT-UNITS     INCHES

WHEEL     1

CIRCLE            24            D10
FLASH     AB00                 0.00000  D11
CIRCLE            30            D12
CIRCLE            44            D13
CIRCLE       169.291            D14
CIRCLE       173.228            D15
RECTANGLE     71.654    71.654   0.00000  D16
CIRCLE        71.654            D17
RECTANGLE     15.748    23.622   0.00000  D18
RECTANGLE     23.622    81.693   0.00000  D19
RECTANGLE     36.417     39.37   0.00000  D20
RECTANGLE     29.528    31.496   0.00000  D21
RECTANGLE     57.087    57.087   0.00000  D22
CIRCLE        57.087            D23
RECTANGLE     55.118    55.118   0.00000  D24
CIRCLE        55.118            D25
RECTANGLE     62.992    21.654   0.00000  D26
RECTANGLE    121.063   121.063   0.00000  D27
CIRCLE       121.063            D28
CIRCLE       228.346            D29
RECTANGLE     23.622    15.748   0.00000  D30
RECTANGLE     81.693    23.622   0.00000  D31
RECTANGLE         40        30   0.00000  D32
RECTANGLE         30        40   0.00000  D33
RECTANGLE         46        36   0.00000  D34
RECTANGLE         36        46   0.00000  D35
CIRCLE            85            D36
CIRCLE           125            D37
CIRCLE           150            D38
RECTANGLE      39.37    36.417   0.00000  D39
RECTANGLE     21.654    62.992   0.00000  D40
RECTANGLE     31.496    29.528   0.00000  D41
LINE           3.937            D42
LINE           7.874            D43
LINE               4            D44
LINE               6            D45
LINE               8            D46
LINE              10            D47
LINE              25            D48
LINE              20            D49

